{"F:\\Ayuda 2\\Curso React-Typescript\\rest_api_node_ts_server\\src\\router.ts": {"path":"F:\\Ayuda 2\\Curso React-Typescript\\rest_api_node_ts_server\\src\\router.ts","statementMap":{"0":{"start":{"line":1,"column":0},"end":{"line":1,"column":32}},"1":{"start":{"line":2,"column":0},"end":{"line":2,"column":128}},"2":{"start":{"line":3,"column":0},"end":{"line":3,"column":48}},"3":{"start":{"line":4,"column":0},"end":{"line":4,"column":49}},"4":{"start":{"line":9,"column":15},"end":{"line":9,"column":23}},"5":{"start":{"line":14,"column":0},"end":{"line":14,"column":29}},"6":{"start":{"line":15,"column":0},"end":{"line":18,"column":20}},"7":{"start":{"line":22,"column":0},"end":{"line":31,"column":19}},"8":{"start":{"line":28,"column":25},"end":{"line":28,"column":34}},"9":{"start":{"line":37,"column":0},"end":{"line":48,"column":19}},"10":{"start":{"line":44,"column":25},"end":{"line":44,"column":34}},"11":{"start":{"line":51,"column":0},"end":{"line":54,"column":null}},"12":{"start":{"line":56,"column":0},"end":{"line":59,"column":null}},"13":{"start":{"line":62,"column":0},"end":{"line":62,"column":22}}},"fnMap":{"0":{"name":"(anonymous_0)","decl":{"start":{"line":28,"column":16},"end":{"line":28,"column":21}},"loc":{"start":{"line":28,"column":25},"end":{"line":28,"column":34}}},"1":{"name":"(anonymous_1)","decl":{"start":{"line":44,"column":16},"end":{"line":44,"column":21}},"loc":{"start":{"line":44,"column":25},"end":{"line":44,"column":34}}}},"branchMap":{},"s":{"0":2,"1":2,"2":2,"3":2,"4":2,"5":2,"6":2,"7":2,"8":4,"9":2,"10":6,"11":2,"12":2,"13":2},"f":{"0":4,"1":6},"b":{}}
,"F:\\Ayuda 2\\Curso React-Typescript\\rest_api_node_ts_server\\src\\server.ts": {"path":"F:\\Ayuda 2\\Curso React-Typescript\\rest_api_node_ts_server\\src\\server.ts","statementMap":{"0":{"start":{"line":7,"column":0},"end":{"line":7,"column":7}},"1":{"start":{"line":1,"column":0},"end":{"line":1,"column":30}},"2":{"start":{"line":2,"column":0},"end":{"line":2,"column":28}},"3":{"start":{"line":3,"column":0},"end":{"line":3,"column":30}},"4":{"start":{"line":4,"column":0},"end":{"line":4,"column":29}},"5":{"start":{"line":8,"column":4},"end":{"line":15,"column":5}},"6":{"start":{"line":9,"column":8},"end":{"line":9,"column":32}},"7":{"start":{"line":10,"column":8},"end":{"line":10,"column":18}},"8":{"start":{"line":14,"column":8},"end":{"line":14,"column":null}},"9":{"start":{"line":18,"column":0},"end":{"line":18,"column":12}},"10":{"start":{"line":21,"column":15},"end":{"line":21,"column":24}},"11":{"start":{"line":24,"column":0},"end":{"line":24,"column":27}},"12":{"start":{"line":25,"column":0},"end":{"line":25,"column":178}},"13":{"start":{"line":28,"column":0},"end":{"line":30,"column":null}},"14":{"start":{"line":29,"column":4},"end":{"line":29,"column":null}},"15":{"start":{"line":59,"column":0},"end":{"line":59,"column":22}}},"fnMap":{"0":{"name":"connectDB","decl":{"start":{"line":7,"column":22},"end":{"line":7,"column":31}},"loc":{"start":{"line":7,"column":31},"end":{"line":16,"column":1}}},"1":{"name":"(anonymous_2)","decl":{"start":{"line":28,"column":19},"end":{"line":28,"column":20}},"loc":{"start":{"line":28,"column":32},"end":{"line":30,"column":1}}}},"branchMap":{},"s":{"0":2,"1":2,"2":2,"3":2,"4":2,"5":3,"6":3,"7":2,"8":1,"9":2,"10":2,"11":2,"12":2,"13":2,"14":1,"15":2},"f":{"0":3,"1":1},"b":{}}
,"F:\\Ayuda 2\\Curso React-Typescript\\rest_api_node_ts_server\\src\\config\\db.ts": {"path":"F:\\Ayuda 2\\Curso React-Typescript\\rest_api_node_ts_server\\src\\config\\db.ts","statementMap":{"0":{"start":{"line":1,"column":0},"end":{"line":1,"column":49}},"1":{"start":{"line":2,"column":0},"end":{"line":2,"column":28}},"2":{"start":{"line":3,"column":0},"end":{"line":3,"column":16}},"3":{"start":{"line":6,"column":11},"end":{"line":20,"column":null}},"4":{"start":{"line":22,"column":0},"end":{"line":22,"column":null}}},"fnMap":{},"branchMap":{},"s":{"0":2,"1":2,"2":2,"3":2,"4":2},"f":{},"b":{}}
,"F:\\Ayuda 2\\Curso React-Typescript\\rest_api_node_ts_server\\src\\handlers\\product.ts": {"path":"F:\\Ayuda 2\\Curso React-Typescript\\rest_api_node_ts_server\\src\\handlers\\product.ts","statementMap":{"0":{"start":{"line":4,"column":0},"end":{"line":4,"column":46}},"1":{"start":{"line":7,"column":27},"end":{"line":23,"column":1}},"2":{"start":{"line":8,"column":21},"end":{"line":15,"column":6}},"3":{"start":{"line":16,"column":4},"end":{"line":16,"column":null}},"4":{"start":{"line":7,"column":13},"end":{"line":7,"column":27}},"5":{"start":{"line":26,"column":30},"end":{"line":49,"column":1}},"6":{"start":{"line":28,"column":19},"end":{"line":28,"column":29}},"7":{"start":{"line":30,"column":20},"end":{"line":30,"column":47}},"8":{"start":{"line":33,"column":4},"end":{"line":35,"column":5}},"9":{"start":{"line":34,"column":8},"end":{"line":34,"column":null}},"10":{"start":{"line":38,"column":4},"end":{"line":38,"column":null}},"11":{"start":{"line":26,"column":13},"end":{"line":26,"column":30}},"12":{"start":{"line":52,"column":29},"end":{"line":85,"column":1}},"13":{"start":{"line":75,"column":20},"end":{"line":75,"column":50}},"14":{"start":{"line":76,"column":4},"end":{"line":76,"column":44}},"15":{"start":{"line":52,"column":13},"end":{"line":52,"column":29}},"16":{"start":{"line":90,"column":29},"end":{"line":111,"column":1}},"17":{"start":{"line":91,"column":19},"end":{"line":91,"column":29}},"18":{"start":{"line":93,"column":20},"end":{"line":93,"column":47}},"19":{"start":{"line":95,"column":4},"end":{"line":97,"column":5}},"20":{"start":{"line":96,"column":8},"end":{"line":96,"column":null}},"21":{"start":{"line":107,"column":4},"end":{"line":107,"column":35}},"22":{"start":{"line":108,"column":4},"end":{"line":108,"column":null}},"23":{"start":{"line":110,"column":4},"end":{"line":110,"column":null}},"24":{"start":{"line":90,"column":13},"end":{"line":90,"column":29}},"25":{"start":{"line":113,"column":33},"end":{"line":133,"column":1}},"26":{"start":{"line":114,"column":19},"end":{"line":114,"column":29}},"27":{"start":{"line":115,"column":20},"end":{"line":115,"column":47}},"28":{"start":{"line":117,"column":4},"end":{"line":119,"column":5}},"29":{"start":{"line":118,"column":8},"end":{"line":118,"column":null}},"30":{"start":{"line":128,"column":4},"end":{"line":128,"column":35}},"31":{"start":{"line":129,"column":4},"end":{"line":129,"column":null}},"32":{"start":{"line":131,"column":4},"end":{"line":131,"column":36}},"33":{"start":{"line":132,"column":4},"end":{"line":132,"column":null}},"34":{"start":{"line":113,"column":13},"end":{"line":113,"column":33}},"35":{"start":{"line":135,"column":29},"end":{"line":150,"column":1}},"36":{"start":{"line":136,"column":19},"end":{"line":136,"column":29}},"37":{"start":{"line":137,"column":20},"end":{"line":137,"column":47}},"38":{"start":{"line":139,"column":4},"end":{"line":141,"column":5}},"39":{"start":{"line":140,"column":8},"end":{"line":140,"column":null}},"40":{"start":{"line":144,"column":4},"end":{"line":144,"column":28}},"41":{"start":{"line":148,"column":4},"end":{"line":148,"column":25}},"42":{"start":{"line":149,"column":4},"end":{"line":149,"column":null}},"43":{"start":{"line":135,"column":13},"end":{"line":135,"column":29}}},"fnMap":{"0":{"name":"(anonymous_1)","decl":{"start":{"line":7,"column":27},"end":{"line":7,"column":32}},"loc":{"start":{"line":7,"column":65},"end":{"line":23,"column":1}}},"1":{"name":"(anonymous_2)","decl":{"start":{"line":26,"column":30},"end":{"line":26,"column":35}},"loc":{"start":{"line":26,"column":68},"end":{"line":49,"column":1}}},"2":{"name":"(anonymous_3)","decl":{"start":{"line":52,"column":29},"end":{"line":52,"column":34}},"loc":{"start":{"line":52,"column":67},"end":{"line":85,"column":1}}},"3":{"name":"(anonymous_4)","decl":{"start":{"line":90,"column":29},"end":{"line":90,"column":34}},"loc":{"start":{"line":90,"column":67},"end":{"line":111,"column":1}}},"4":{"name":"(anonymous_5)","decl":{"start":{"line":113,"column":33},"end":{"line":113,"column":38}},"loc":{"start":{"line":113,"column":71},"end":{"line":133,"column":1}}},"5":{"name":"(anonymous_6)","decl":{"start":{"line":135,"column":29},"end":{"line":135,"column":34}},"loc":{"start":{"line":135,"column":67},"end":{"line":150,"column":1}}}},"branchMap":{"0":{"loc":{"start":{"line":33,"column":4},"end":{"line":35,"column":5}},"type":"if","locations":[{"start":{"line":33,"column":4},"end":{"line":35,"column":5}},{"start":{},"end":{}}]},"1":{"loc":{"start":{"line":95,"column":4},"end":{"line":97,"column":5}},"type":"if","locations":[{"start":{"line":95,"column":4},"end":{"line":97,"column":5}},{"start":{},"end":{}}]},"2":{"loc":{"start":{"line":117,"column":4},"end":{"line":119,"column":5}},"type":"if","locations":[{"start":{"line":117,"column":4},"end":{"line":119,"column":5}},{"start":{},"end":{}}]},"3":{"loc":{"start":{"line":139,"column":4},"end":{"line":141,"column":5}},"type":"if","locations":[{"start":{"line":139,"column":4},"end":{"line":141,"column":5}},{"start":{},"end":{}}]}},"s":{"0":2,"1":2,"2":2,"3":2,"4":2,"5":2,"6":2,"7":2,"8":2,"9":1,"10":1,"11":2,"12":2,"13":1,"14":1,"15":2,"16":2,"17":3,"18":3,"19":3,"20":2,"21":1,"22":1,"23":1,"24":2,"25":2,"26":2,"27":2,"28":2,"29":1,"30":1,"31":1,"32":1,"33":1,"34":2,"35":2,"36":2,"37":2,"38":2,"39":1,"40":1,"41":1,"42":1,"43":2},"f":{"0":2,"1":2,"2":1,"3":3,"4":2,"5":2},"b":{"0":[1,1],"1":[2,1],"2":[1,1],"3":[1,1]}}
,"F:\\Ayuda 2\\Curso React-Typescript\\rest_api_node_ts_server\\src\\middleware\\index.ts": {"path":"F:\\Ayuda 2\\Curso React-Typescript\\rest_api_node_ts_server\\src\\middleware\\index.ts","statementMap":{"0":{"start":{"line":3,"column":0},"end":{"line":3,"column":51}},"1":{"start":{"line":4,"column":33},"end":{"line":13,"column":1}},"2":{"start":{"line":7,"column":17},"end":{"line":7,"column":38}},"3":{"start":{"line":8,"column":4},"end":{"line":10,"column":5}},"4":{"start":{"line":9,"column":8},"end":{"line":9,"column":64}},"5":{"start":{"line":12,"column":4},"end":{"line":12,"column":11}},"6":{"start":{"line":4,"column":13},"end":{"line":4,"column":33}}},"fnMap":{"0":{"name":"(anonymous_0)","decl":{"start":{"line":4,"column":33},"end":{"line":4,"column":34}},"loc":{"start":{"line":4,"column":88},"end":{"line":13,"column":1}}}},"branchMap":{"0":{"loc":{"start":{"line":8,"column":4},"end":{"line":10,"column":5}},"type":"if","locations":[{"start":{"line":8,"column":4},"end":{"line":10,"column":5}},{"start":{},"end":{}}]}},"s":{"0":2,"1":2,"2":18,"3":18,"4":8,"5":10,"6":2},"f":{"0":18},"b":{"0":[8,10]}}
,"F:\\Ayuda 2\\Curso React-Typescript\\rest_api_node_ts_server\\src\\models\\Product.model.ts": {"path":"F:\\Ayuda 2\\Curso React-Typescript\\rest_api_node_ts_server\\src\\models\\Product.model.ts","statementMap":{"0":{"start":{"line":1,"column":0},"end":{"line":1,"column":79}},"1":{"start":{"line":7,"column":0},"end":{"line":23,"column":2}},"2":{"start":{"line":11,"column":12},"end":{"line":11,"column":null}},"3":{"start":{"line":16,"column":12},"end":{"line":16,"column":null}},"4":{"start":{"line":22,"column":12},"end":{"line":22,"column":null}},"5":{"start":{"line":7,"column":6},"end":{"line":23,"column":2}},"6":{"start":{"line":27,"column":0},"end":{"line":27,"column":23}}},"fnMap":{},"branchMap":{},"s":{"0":3,"1":3,"2":3,"3":3,"4":3,"5":3,"6":3},"f":{},"b":{}}
}
