TN:
SF:src\router.ts
FN:28,(anonymous_0)
FN:44,(anonymous_1)
FNF:2
FNH:2
FNDA:4,(anonymous_0)
FNDA:6,(anonymous_1)
DA:1,2
DA:2,2
DA:3,2
DA:4,2
DA:9,2
DA:14,2
DA:15,2
DA:22,2
DA:28,4
DA:37,2
DA:44,6
DA:51,2
DA:56,2
DA:62,2
LF:14
LH:14
BRF:0
BRH:0
end_of_record
TN:
SF:src\server.ts
FN:7,connectDB
FN:28,(anonymous_2)
FNF:2
FNH:2
FNDA:3,connectDB
FNDA:1,(anonymous_2)
DA:1,2
DA:2,2
DA:3,2
DA:4,2
DA:7,2
DA:8,3
DA:9,3
DA:10,2
DA:14,1
DA:18,2
DA:21,2
DA:24,2
DA:25,2
DA:28,2
DA:29,1
DA:59,2
LF:16
LH:16
BRF:0
BRH:0
end_of_record
TN:
SF:src\config\db.ts
FNF:0
FNH:0
DA:1,2
DA:2,2
DA:3,2
DA:6,2
DA:22,2
LF:5
LH:5
BRF:0
BRH:0
end_of_record
TN:
SF:src\handlers\product.ts
FN:7,(anonymous_1)
FN:26,(anonymous_2)
FN:52,(anonymous_3)
FN:90,(anonymous_4)
FN:113,(anonymous_5)
FN:135,(anonymous_6)
FNF:6
FNH:6
FNDA:2,(anonymous_1)
FNDA:2,(anonymous_2)
FNDA:1,(anonymous_3)
FNDA:3,(anonymous_4)
FNDA:2,(anonymous_5)
FNDA:2,(anonymous_6)
DA:4,2
DA:7,2
DA:8,2
DA:16,2
DA:26,2
DA:28,2
DA:30,2
DA:33,2
DA:34,1
DA:38,1
DA:52,2
DA:75,1
DA:76,1
DA:90,2
DA:91,3
DA:93,3
DA:95,3
DA:96,2
DA:107,1
DA:108,1
DA:110,1
DA:113,2
DA:114,2
DA:115,2
DA:117,2
DA:118,1
DA:128,1
DA:129,1
DA:131,1
DA:132,1
DA:135,2
DA:136,2
DA:137,2
DA:139,2
DA:140,1
DA:144,1
DA:148,1
DA:149,1
LF:38
LH:38
BRDA:33,0,0,1
BRDA:33,0,1,1
BRDA:95,1,0,2
BRDA:95,1,1,1
BRDA:117,2,0,1
BRDA:117,2,1,1
BRDA:139,3,0,1
BRDA:139,3,1,1
BRF:8
BRH:8
end_of_record
TN:
SF:src\middleware\index.ts
FN:4,(anonymous_0)
FNF:1
FNH:1
FNDA:18,(anonymous_0)
DA:3,2
DA:4,2
DA:7,18
DA:8,18
DA:9,8
DA:12,10
LF:6
LH:6
BRDA:8,0,0,8
BRDA:8,0,1,10
BRF:2
BRH:2
end_of_record
TN:
SF:src\models\Product.model.ts
FNF:0
FNH:0
DA:1,3
DA:7,3
DA:11,3
DA:16,3
DA:22,3
DA:27,3
LF:6
LH:6
BRF:0
BRH:0
end_of_record
